[debug] [2024-10-03T19:44:09.089Z] ----------------------------------------------------------------------
[debug] [2024-10-03T19:44:09.095Z] Command:       C:\Program Files\nodejs\node.exe C:\Users\mauri\AppData\Roaming\npm\node_modules\firebase-tools\lib\bin\firebase.js init
[debug] [2024-10-03T19:44:09.095Z] CLI Version:   13.20.2
[debug] [2024-10-03T19:44:09.095Z] Platform:      win32
[debug] [2024-10-03T19:44:09.095Z] Node Version:  v20.17.0
[debug] [2024-10-03T19:44:09.096Z] Time:          Thu Oct 03 2024 13:44:09 GMT-0600 (hora estándar central)
[debug] [2024-10-03T19:44:09.096Z] ----------------------------------------------------------------------
[debug] 
[debug] [2024-10-03T19:44:09.099Z] >>> [apiv2][query] GET https://firebase-public.firebaseio.com/cli.json [none]
[debug] [2024-10-03T19:44:09.148Z] > command requires scopes: ["email","openid","https://www.googleapis.com/auth/cloudplatformprojects.readonly","https://www.googleapis.com/auth/firebase","https://www.googleapis.com/auth/cloud-platform"]
[debug] [2024-10-03T19:44:09.148Z] > authorizing via signed-in user (mauribarrien@gmail.com)
[info] 
     ######## #### ########  ######## ########     ###     ######  ########
     ##        ##  ##     ## ##       ##     ##  ##   ##  ##       ##
     ######    ##  ########  ######   ########  #########  ######  ######
     ##        ##  ##    ##  ##       ##     ## ##     ##       ## ##
     ##       #### ##     ## ######## ########  ##     ##  ######  ########

You're about to initialize a Firebase project in this directory:

  C:\Users\mauri\Sportycus

[debug] [2024-10-03T19:44:09.436Z] <<< [apiv2][status] GET https://firebase-public.firebaseio.com/cli.json 200
[debug] [2024-10-03T19:44:09.437Z] <<< [apiv2][body] GET https://firebase-public.firebaseio.com/cli.json {"cloudBuildErrorAfter":1594252800000,"cloudBuildWarnAfter":1590019200000,"defaultNode10After":1594252800000,"minVersion":"3.0.5","node8DeploysDisabledAfter":1613390400000,"node8RuntimeDisabledAfter":1615809600000,"node8WarnAfter":1600128000000}
[info] 
=== Project Setup
[info] 
[info] First, let's associate this project directory with a Firebase project.
[info] You can create multiple project aliases by running firebase use --add, 
[info] but for now we'll just set up a default project.
[info] 
[debug] [2024-10-03T19:44:38.439Z] Checked if tokens are valid: false, expires at: 1727745798013
[debug] [2024-10-03T19:44:38.439Z] Checked if tokens are valid: false, expires at: 1727745798013
[debug] [2024-10-03T19:44:38.439Z] > refreshing access token with scopes: []
[debug] [2024-10-03T19:44:38.440Z] >>> [apiv2][query] POST https://www.googleapis.com/oauth2/v3/token [none]
[debug] [2024-10-03T19:44:38.440Z] >>> [apiv2][body] POST https://www.googleapis.com/oauth2/v3/token [omitted]
[debug] [2024-10-03T19:44:38.938Z] <<< [apiv2][status] POST https://www.googleapis.com/oauth2/v3/token 200
[debug] [2024-10-03T19:44:38.938Z] <<< [apiv2][body] POST https://www.googleapis.com/oauth2/v3/token [omitted]
[debug] [2024-10-03T19:44:38.944Z] >>> [apiv2][query] GET https://firebase.googleapis.com/v1beta1/projects pageSize=100
[debug] [2024-10-03T19:44:39.652Z] <<< [apiv2][status] GET https://firebase.googleapis.com/v1beta1/projects 200
[debug] [2024-10-03T19:44:39.652Z] <<< [apiv2][body] GET https://firebase.googleapis.com/v1beta1/projects [omitted]
[info] i  Using project sportykus-b45df (Sportykus) 
[info] 
=== Dataconnect Setup
[debug] [2024-10-03T19:44:43.252Z] Checked if tokens are valid: true, expires at: 1727988277939
[debug] [2024-10-03T19:44:43.252Z] Checked if tokens are valid: true, expires at: 1727988277939
[debug] [2024-10-03T19:44:43.253Z] >>> [apiv2][query] GET https://cloudbilling.googleapis.com/v1/projects/sportykus-b45df/billingInfo [none]
[debug] [2024-10-03T19:44:43.774Z] <<< [apiv2][status] GET https://cloudbilling.googleapis.com/v1/projects/sportykus-b45df/billingInfo 200
[debug] [2024-10-03T19:44:43.774Z] <<< [apiv2][body] GET https://cloudbilling.googleapis.com/v1/projects/sportykus-b45df/billingInfo {"name":"projects/sportykus-b45df/billingInfo","projectId":"sportykus-b45df","billingAccountName":"","billingEnabled":false}
[info] i  dataconnect: ensuring required API sqladmin.googleapis.com is enabled... 
[debug] [2024-10-03T19:44:43.775Z] Checked if tokens are valid: true, expires at: 1727988277939
[debug] [2024-10-03T19:44:43.775Z] Checked if tokens are valid: true, expires at: 1727988277939
[debug] [2024-10-03T19:44:43.775Z] >>> [apiv2][query] GET https://serviceusage.googleapis.com/v1/projects/sportykus-b45df/services/sqladmin.googleapis.com [none]
[debug] [2024-10-03T19:44:43.775Z] >>> [apiv2][(partial)header] GET https://serviceusage.googleapis.com/v1/projects/sportykus-b45df/services/sqladmin.googleapis.com x-goog-quota-user=projects/sportykus-b45df
[debug] [2024-10-03T19:44:44.390Z] <<< [apiv2][status] GET https://serviceusage.googleapis.com/v1/projects/sportykus-b45df/services/sqladmin.googleapis.com 200
[debug] [2024-10-03T19:44:44.390Z] <<< [apiv2][body] GET https://serviceusage.googleapis.com/v1/projects/sportykus-b45df/services/sqladmin.googleapis.com [omitted]
[warn] !  dataconnect: missing required API sqladmin.googleapis.com. Enabling now... 
[debug] [2024-10-03T19:44:44.391Z] Checked if tokens are valid: true, expires at: 1727988277939
[debug] [2024-10-03T19:44:44.391Z] Checked if tokens are valid: true, expires at: 1727988277939
[debug] [2024-10-03T19:44:44.391Z] >>> [apiv2][query] POST https://serviceusage.googleapis.com/v1/projects/sportykus-b45df/services/sqladmin.googleapis.com:enable [none]
[debug] [2024-10-03T19:44:44.391Z] >>> [apiv2][(partial)header] POST https://serviceusage.googleapis.com/v1/projects/sportykus-b45df/services/sqladmin.googleapis.com:enable x-goog-quota-user=projects/sportykus-b45df
[debug] [2024-10-03T19:44:44.737Z] <<< [apiv2][status] POST https://serviceusage.googleapis.com/v1/projects/sportykus-b45df/services/sqladmin.googleapis.com:enable 200
[debug] [2024-10-03T19:44:44.738Z] <<< [apiv2][body] POST https://serviceusage.googleapis.com/v1/projects/sportykus-b45df/services/sqladmin.googleapis.com:enable [omitted]
[debug] [2024-10-03T19:44:54.740Z] Checked if tokens are valid: true, expires at: 1727988277939
[debug] [2024-10-03T19:44:54.741Z] Checked if tokens are valid: true, expires at: 1727988277939
[debug] [2024-10-03T19:44:54.741Z] >>> [apiv2][query] GET https://serviceusage.googleapis.com/v1/projects/sportykus-b45df/services/sqladmin.googleapis.com [none]
[debug] [2024-10-03T19:44:54.741Z] >>> [apiv2][(partial)header] GET https://serviceusage.googleapis.com/v1/projects/sportykus-b45df/services/sqladmin.googleapis.com x-goog-quota-user=projects/sportykus-b45df
[debug] [2024-10-03T19:44:55.071Z] <<< [apiv2][status] GET https://serviceusage.googleapis.com/v1/projects/sportykus-b45df/services/sqladmin.googleapis.com 200
[debug] [2024-10-03T19:44:55.071Z] <<< [apiv2][body] GET https://serviceusage.googleapis.com/v1/projects/sportykus-b45df/services/sqladmin.googleapis.com [omitted]
[info] +  dataconnect: required API sqladmin.googleapis.com is enabled 
[info] i  Setting placeholder values in dataconnect.yaml. You can edit these before you deploy to specify different IDs or regions. 
[info] +  Wrote dataconnect\dataconnect.yaml 
[info] +  Wrote dataconnect\schema\schema.gql 
[info] +  Wrote dataconnect\connector\connector.yaml 
[info] +  Wrote dataconnect\connector\queries.gql 
[info] +  Wrote dataconnect\connector\mutations.gql 
[info] +  Detected ANDROID app in directory C:\Users\mauri\Sportycus 
[info] i  Wrote new config to C:\Users\mauri\Sportycus\dataconnect\connector/connector.yaml 
[info] i  dataconnect: downloading dataconnect-emulator-1.4.4.exe... {"metadata":{"emulator":{"name":"dataconnect"},"message":"downloading dataconnect-emulator-1.4.4.exe..."}}
[debug] [2024-10-03T19:45:15.404Z] >>> [apiv2][query] GET https://storage.googleapis.com/firemat-preview-drop/emulator/dataconnect-emulator-windows-v1.4.4 
[debug] [2024-10-03T19:45:15.901Z] <<< [apiv2][status] GET https://storage.googleapis.com/firemat-preview-drop/emulator/dataconnect-emulator-windows-v1.4.4 200
[debug] [2024-10-03T19:45:15.901Z] <<< [apiv2][body] GET https://storage.googleapis.com/firemat-preview-drop/emulator/dataconnect-emulator-windows-v1.4.4 [stream]
[info] i  dataconnect: Removing outdated emulator files: dataconnect-emulator-1.4.3.exe {"metadata":{"emulator":{"name":"dataconnect"},"message":"Removing outdated emulator files: dataconnect-emulator-1.4.3.exe"}}
[info] I1003 13:45:42.310316   12328 codegen.go:82] [connector "default" kotlinSdk] Generating sources into "C:\\Users\\mauri\\Sportycus\\app\\src\\main\\java\\connectors\\default"
I1003 13:45:42.337138   12328 generate.go:40] Generated all sources. Writing them to disk...
I1003 13:45:42.341046   12328 collector.go:107] connector "default" kotlinSdk wrote into "C:\\Users\\mauri\\Sportycus\\app\\src\\main\\java\\connectors\\default"
Generated sources: DefaultConnector.kt [2657B] DefaultConnectorKeys.kt [1177B] DefaultConnectorEnums.kt [790B] 

[info] i  Generated SDK code for default 
[info] +  If you'd like to generate additional SDKs later, run firebase init dataconnect:sdk 
[info] 
[info] 
=== Hosting Setup
[debug] [2024-10-03T19:45:42.348Z] Checked if tokens are valid: true, expires at: 1727988277939
[debug] [2024-10-03T19:45:42.348Z] Checked if tokens are valid: true, expires at: 1727988277939
[debug] [2024-10-03T19:45:42.353Z] >>> [apiv2][query] GET https://firebase.googleapis.com/v1beta1/projects/sportykus-b45df [none]
[debug] [2024-10-03T19:45:42.828Z] <<< [apiv2][status] GET https://firebase.googleapis.com/v1beta1/projects/sportykus-b45df 200
[debug] [2024-10-03T19:45:42.828Z] <<< [apiv2][body] GET https://firebase.googleapis.com/v1beta1/projects/sportykus-b45df {"projectId":"sportykus-b45df","projectNumber":"693744087060","displayName":"Sportykus","name":"projects/sportykus-b45df","resources":{"hostingSite":"sportykus-b45df"},"state":"ACTIVE","etag":"1_48de5484-876e-4958-99f3-700b45cd3f16"}
[info] 
[info] Your public directory is the folder (relative to your project directory) that
[info] will contain Hosting assets to be uploaded with firebase deploy. If you
[info] have a build process for your assets, use your build's output directory.
[info] 
[debug] [2024-10-03T19:50:12.596Z] >>> [apiv2][query] GET https://www.gstatic.com/firebasejs/releases.json [none]
[debug] [2024-10-03T19:50:12.818Z] <<< [apiv2][status] GET https://www.gstatic.com/firebasejs/releases.json 200
[debug] [2024-10-03T19:50:12.819Z] <<< [apiv2][body] GET https://www.gstatic.com/firebasejs/releases.json {"current":{"version":"10.14.0","browserURL":"https://www.gstatic.com/firebasejs/10.14.0/firebase.js","packageURL":"https://www.gstatic.com/firebasejs/10.14.0/firebase.tgz"},"live":{"version":"10.14","browserURL":"https://www.gstatic.com/firebasejs/live/10.14/firebase.js","packageURL":"https://www.gstatic.com/firebasejs/live/10.14/firebase.tgz"},"components":{"analytics":"https://www.gstatic.com/firebasejs/10.14.0/firebase-analytics.js","app":"https://www.gstatic.com/firebasejs/10.14.0/firebase-app.js","app-check":"https://www.gstatic.com/firebasejs/10.14.0/firebase-app-check.js","auth":"https://www.gstatic.com/firebasejs/10.14.0/firebase-auth.js","auth/cordova":"https://www.gstatic.com/firebasejs/10.14.0/firebase-auth/cordova.js","auth/web-extension":"https://www.gstatic.com/firebasejs/10.14.0/firebase-auth/web-extension.js","functions":"https://www.gstatic.com/firebasejs/10.14.0/firebase-functions.js","firestore":"https://www.gstatic.com/firebasejs/10.14.0/firebase-firestore.js","firestore/lite":"https://www.gstatic.com/firebasejs/10.14.0/firebase-firestore/lite.js","installations":"https://www.gstatic.com/firebasejs/10.14.0/firebase-installations.js","storage":"https://www.gstatic.com/firebasejs/10.14.0/firebase-storage.js","performance":"https://www.gstatic.com/firebasejs/10.14.0/firebase-performance.js","remote-config":"https://www.gstatic.com/firebasejs/10.14.0/firebase-remote-config.js","messaging":"https://www.gstatic.com/firebasejs/10.14.0/firebase-messaging.js","messaging/sw":"https://www.gstatic.com/firebasejs/10.14.0/firebase-messaging/sw.js","database":"https://www.gstatic.com/firebasejs/10.14.0/firebase-database.js","data-connect":"https://www.gstatic.com/firebasejs/10.14.0/firebase-data-connect.js","vertexai-preview":"https://www.gstatic.com/firebasejs/10.14.0/firebase-vertexai-preview.js","firestore.memory":"https://www.gstatic.com/firebasejs/10.14.0/firebase-firestore.memory.js"}}
[info] +  Wrote public/index.html 
[info] 
[info] i  Detected a .git folder at C:\Users\mauri\Sportycus 
[info] i  Authorizing with GitHub to upload your service account to a GitHub repository's secrets store. 
[info] 
[info] Visit this URL on this device to log in:
[info] https://github.com/login/oauth/authorize?client_id=89cf50f02ac6aaed3484&state=377090931&redirect_uri=http%3A%2F%2Flocalhost%3A9005&scope=read%3Auser%20repo%20public_repo
[info] 
[info] Waiting for authentication...
[debug] [2024-10-03T19:50:13.798Z] >>> [apiv2][query] POST https://github.com/login/oauth/access_token [none]
[debug] [2024-10-03T19:50:13.798Z] >>> [apiv2][body] POST https://github.com/login/oauth/access_token [stream]
[debug] [2024-10-03T19:50:14.089Z] <<< [apiv2][status] POST https://github.com/login/oauth/access_token 200
[debug] [2024-10-03T19:50:14.089Z] <<< [apiv2][body] POST https://github.com/login/oauth/access_token {"access_token":"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","token_type":"bearer","scope":"read:user,repo"}
[debug] [2024-10-03T19:50:14.115Z] >>> [apiv2][query] GET https://api.github.com/user [none]
[debug] [2024-10-03T19:50:14.535Z] <<< [apiv2][status] GET https://api.github.com/user 200
[debug] [2024-10-03T19:50:14.536Z] <<< [apiv2][body] GET https://api.github.com/user {"login":"Urrix","id":93203219,"node_id":"U_kgDOBY4rEw","avatar_url":"https://avatars.githubusercontent.com/u/93203219?v=4","gravatar_id":"","url":"https://api.github.com/users/Urrix","html_url":"https://github.com/Urrix","followers_url":"https://api.github.com/users/Urrix/followers","following_url":"https://api.github.com/users/Urrix/following{/other_user}","gists_url":"https://api.github.com/users/Urrix/gists{/gist_id}","starred_url":"https://api.github.com/users/Urrix/starred{/owner}{/repo}","subscriptions_url":"https://api.github.com/users/Urrix/subscriptions","organizations_url":"https://api.github.com/users/Urrix/orgs","repos_url":"https://api.github.com/users/Urrix/repos","events_url":"https://api.github.com/users/Urrix/events{/privacy}","received_events_url":"https://api.github.com/users/Urrix/received_events","type":"User","site_admin":false,"name":"Urrix","company":null,"blog":"","location":null,"email":null,"hireable":null,"bio":null,"twitter_username":null,"notification_email":null,"public_repos":31,"public_gists":0,"followers":8,"following":10,"created_at":"2021-10-26T13:29:05Z","updated_at":"2024-10-03T03:38:40Z","private_gists":0,"total_private_repos":2,"owned_private_repos":2,"disk_usage":164517,"collaborators":0,"two_factor_authentication":false,"plan":{"name":"free","space":976562499,"collaborators":0,"private_repos":10000}}
[info] 
[info] +  Success! Logged into GitHub as Urrix 
[info] 
[debug] [2024-10-03T19:50:24.007Z] >>> [apiv2][query] GET https://api.github.com/repos//actions/secrets/public-key type=owner
[debug] [2024-10-03T19:50:24.300Z] <<< [apiv2][status] GET https://api.github.com/repos//actions/secrets/public-key 404
[debug] [2024-10-03T19:50:24.301Z] <<< [apiv2][body] GET https://api.github.com/repos//actions/secrets/public-key {"message":"Not Found","documentation_url":"https://docs.github.com/rest","status":"404"}
[info] 
[info] 
[error] !  The provided authorization cannot be used with this repository. If this repository is in an organization, did you remember to grant access? 
[info] 
[info] i  Action required: Visit this URL to ensure access has been granted to the appropriate organization(s) for the Firebase CLI GitHub OAuth App: 
[info] https://github.com/settings/connections/applications/89cf50f02ac6aaed3484
[info] 
